[0mGET /users/profile/6400c0bb35b4cc6208041e9d [36m302[0m 1.980 ms - 72[0m
[0mGET /users/sign-in [36m304[0m 11.064 ms - -[0m
[0mPOST /users/create-session [0m-[0m - ms - -[0m
[0mGET /users/sign-in [36m304[0m 9.146 ms - -[0m
[0mPOST /users/create-session [0m-[0m - ms - -[0m
[0mGET /users/auth/google [36m302[0m 2.287 ms - 0[0m
[0mGET / [32m200[0m 4829.720 ms - 4654[0m
[0mGET /js/home_post_comments.js [33m404[0m 16.955 ms - 163[0m
[0mGET /users/sign-in [36m304[0m 15.482 ms - -[0m
[0mPOST /users/create-session [36m302[0m 1272.824 ms - 46[0m
[0mGET / [32m200[0m 2796.165 ms - 6689[0m
[0mGET /js/home_post_comments.js [33m404[0m 289.218 ms - 163[0m
[0mGET /users/profile/6400c0bb35b4cc6208041e9d [32m200[0m 5628.085 ms - 3021[0m
[0mGET /users/profile/css/footer.css [33m404[0m 491.497 ms - 167[0m
[0mGET /users/profile/css/header.css [33m404[0m 1205.804 ms - 167[0m
[0mPOST /users/update/6400c0bb35b4cc6208041e9d [36m302[0m 664.150 ms - 166[0m
[0mGET /users/profile/6400c0bb35b4cc6208041e9d [32m200[0m 581.636 ms - 3022[0m
[0mGET /users/profile/css/header.css [33m404[0m 288.777 ms - 167[0m
[0mGET /users/profile/css/footer.css [33m404[0m 286.393 ms - 167[0m
[0mGET /users/sign-out [36m302[0m 281.334 ms - 46[0m
[0mGET / [32m200[0m 1008.494 ms - 4922[0m
[0mGET /js/home_post_comments.js [33m404[0m 4.039 ms - 163[0m
[0mGET /users/sign-in [36m304[0m 5.809 ms - -[0m
[0mGET /users/auth/google [36m302[0m 3.984 ms - 0[0m
[0mGET / [0m-[0m - ms - -[0m
[0mGET / [0m-[0m - ms - -[0m
[0mGET / [32m200[0m 5398.010 ms - 4656[0m
[0mGET /js/home_post_comments.js [33m404[0m 17.639 ms - 163[0m
[0mGET /users/sign-up [36m304[0m 9.110 ms - -[0m
[0mGET /users/auth/google [36m302[0m 1.494 ms - 0[0m
[0mGET / [36m304[0m 2357.022 ms - -[0m
[0mGET /js/home_post_comments.js [33m404[0m 9.943 ms - 163[0m
[0mGET /users/sign-in [36m304[0m 9.621 ms - -[0m
[0mPOST /users/create-session [36m302[0m 288.173 ms - 46[0m
[0mGET / [32m200[0m 1030.781 ms - 6693[0m
[0mGET /js/home_post_comments.js [33m404[0m 235.145 ms - 163[0m
[0mGET / [32m200[0m 1036.724 ms - 6424[0m
[0mGET /js/home_post_comments.js [33m404[0m 231.797 ms - 163[0m
[0mGET /users/sign-out [36m302[0m 278.540 ms - 46[0m
[0mGET / [32m200[0m 747.946 ms - 4922[0m
[0mGET /js/home_post_comments.js [33m404[0m 3.516 ms - 163[0m
[0mGET /users/sign-in [36m304[0m 6.748 ms - -[0m
[0mGET /users/sign-up [36m304[0m 6.564 ms - -[0m
[0mPOST /users/create [36m302[0m 544.135 ms - 72[0m
[0mGET /users/sign-in [36m304[0m 10.150 ms - -[0m
[0mPOST /users/create-session [36m302[0m 276.546 ms - 46[0m
[0mGET / [32m200[0m 1163.721 ms - 6511[0m
[0mGET /js/home_post_comments.js [33m404[0m 235.930 ms - 163[0m
[0mGET / [32m200[0m 1034.161 ms - 6242[0m
[0mGET /js/home_post_comments.js [33m404[0m 270.299 ms - 163[0m
[0mGET /users/sign-out [36m302[0m 234.616 ms - 46[0m
[0mGET / [32m200[0m 787.972 ms - 5042[0m
[0mGET /js/home_post_comments.js [33m404[0m 3.890 ms - 163[0m
[0mGET /users/sign-in [36m304[0m 5.321 ms - -[0m
[0mPOST /users/create-session [36m302[0m 229.738 ms - 46[0m
[0mGET / [32m200[0m 1032.361 ms - 6813[0m
[0mGET /js/home_post_comments.js [33m404[0m 240.989 ms - 163[0m
[0mPOST /posts/create [32m200[0m 538.695 ms - 244[0m
[0mGET /posts/destroy/6402c3773184746ae4ed4f3e [36m302[0m 1292.601 ms - 45[0m
[0mGET / [32m200[0m 1057.632 ms - 6804[0m
[0mGET / [32m200[0m 1130.582 ms - 6544[0m
[0mGET /js/home_post_comments.js [33m404[0m 278.700 ms - 163[0m
[0mGET /comments/destroy/6400c0e935b4cc6208041e9f [36m302[0m 767.093 ms - 90[0m
[0mGET / [32m200[0m 1024.093 ms - 6003[0m
[0mGET /js/home_post_comments.js [33m404[0m 257.286 ms - 163[0m
[0mGET /users/profile/6402c30c3184746ae4ed4f3d [32m200[0m 524.288 ms - 2618[0m
[0mGET /users/profile/css/header.css [33m404[0m 273.930 ms - 167[0m
[0mGET /users/profile/css/footer.css [33m404[0m 298.650 ms - 167[0m
[0mGET /users/profile/6402c30c3184746ae4ed4f3d [36m304[0m 556.977 ms - -[0m
[0mGET /users/profile/css/header.css [33m404[0m 297.682 ms - 167[0m
[0mGET /users/profile/css/footer.css [33m404[0m 295.174 ms - 167[0m
[0mGET /users/profile/6400c0bb35b4cc6208041e9d [0m-[0m - ms - -[0m
[0mGET /users/profile/6400c0bb35b4cc6208041e9d [32m200[0m 544.974 ms - 3068[0m
[0mGET /users/profile/css/header.css [33m404[0m 271.540 ms - 167[0m
[0mGET /users/profile/css/footer.css [33m404[0m 286.808 ms - 167[0m
[0mPOST /users/update/6400c0bb35b4cc6208041e9d [36m302[0m 518.785 ms - 166[0m
[0mGET /users/profile/6400c0bb35b4cc6208041e9d [32m200[0m 518.836 ms - 3069[0m
[0mGET /users/profile/css/footer.css [33m404[0m 268.207 ms - 167[0m
[0mGET /users/profile/css/header.css [33m404[0m 281.454 ms - 167[0m
[0mGET /uploads/users/avatars/avatar-1677782922408 [33m404[0m 274.058 ms - 181[0m
[0mGET /users/profile/6402c30c3184746ae4ed4f3d [32m200[0m 455.262 ms - 2621[0m
[0mGET /users/profile/css/footer.css [33m404[0m 236.773 ms - 167[0m
[0mGET /users/profile/css/header.css [33m404[0m 243.897 ms - 167[0m
[0mGET /users/profile/6400c0bb35b4cc6208041e9d [32m200[0m 496.685 ms - 3072[0m
[0mGET /users/profile/css/footer.css [33m404[0m 238.798 ms - 167[0m
[0mGET /users/profile/css/header.css [33m404[0m 345.862 ms - 167[0m
[0mGET /users/sign-out [36m302[0m 0.861 ms - 46[0m
[0mGET / [32m200[0m 7731.873 ms - 4541[0m
[0mGET /js/home_post_comments.js [33m404[0m 2.095 ms - 163[0m
[0mGET /users/sign-in [36m304[0m 4.246 ms - -[0m
[0mPOST /users/create-session [36m302[0m 685.312 ms - 46[0m
[0mGET / [0m-[0m - ms - -[0m
[0mGET /users/auth/google [36m302[0m 4683.713 ms - 0[0m
