[0mGET / [31m500[0m 164.438 ms - 2505[0m
[0mGET / [31m500[0m 117.471 ms - 2505[0m
[0mGET / [32m200[0m 154.084 ms - 25108[0m
[0mGET /js/home_post_comments.js [33m404[0m 8.967 ms - 163[0m
[0mGET /favicon.ico [33m404[0m 4.104 ms - 150[0m
[0mGET /users/sign-in [36m304[0m 24.394 ms - -[0m
[0mPOST /users/create-session [36m302[0m 27.984 ms - 46[0m
[0mGET / [32m200[0m 168.721 ms - 37567[0m
[0mGET /js/home_post_comments.js [33m404[0m 33.841 ms - 163[0m
[0mPOST /posts/create [32m200[0m 47.804 ms - 238[0m
[0mGET /likes/toggle/?id=63a91340c8e851262d5803ed&type=Post [33m404[0m 14.313 ms - 152[0m
[0mGET / [32m200[0m 248.467 ms - 38773[0m
[0mGET /js/home_post_comments.js [33m404[0m 43.168 ms - 163[0m
[0mPOST /likes/toggle/?id=63a91340c8e851262d5803ed&type=Post [32m200[0m 36.364 ms - 58[0m
[0mGET /users/sign-out [36m302[0m 21.430 ms - 46[0m
[0mGET / [32m200[0m 184.755 ms - 26228[0m
[0mGET /js/home_post_comments.js [33m404[0m 9.737 ms - 163[0m
[0mGET /users/sign-up [32m200[0m 16.102 ms - 2492[0m
[0mGET /users/sign-up [32m200[0m 182.829 ms - 2492[0m
[0mGET / [0m-[0m - ms - -[0m
[0mGET / [0m-[0m - ms - -[0m
[0mGET / [0m-[0m - ms - -[0m
[0mGET / [0m-[0m - ms - -[0m
[0mGET / [0m-[0m - ms - -[0m
[0mGET /js/home_post_comments.js [0m-[0m - ms - -[0m
[0mGET /users/sign-in [0m-[0m - ms - -[0m
[0mGET /users/sign-in [0m-[0m - ms - -[0m
[0mGET / [32m200[0m 728.586 ms - 3192[0m
[0mGET /js/home_post_comments.js [33m404[0m 20.563 ms - 163[0m
[0mGET /favicon.ico [33m404[0m 3.376 ms - 150[0m
[0mGET /users/sign-in [32m200[0m 19.224 ms - 2880[0m
[0mGET /users/auth/google [36m302[0m 8.879 ms - 0[0m
[0mGET /users/sign-up [32m200[0m 18.488 ms - 2492[0m
[0mPOST /users/create [36m302[0m 647.673 ms - 72[0m
[0mGET /users/sign-in [36m304[0m 13.802 ms - -[0m
[0mPOST /users/create-session [36m302[0m 300.162 ms - 46[0m
[0mGET / [32m200[0m 983.347 ms - 4414[0m
[0mGET /js/home_post_comments.js [33m404[0m 296.495 ms - 163[0m
[0mPOST /posts/create [32m200[0m 632.823 ms - 239[0m
[0mPOST /comments/create [36m302[0m 990.655 ms - 46[0m
[0mGET / [32m200[0m 3126.481 ms - 6693[0m
[0mGET /js/home_post_comments.js [33m404[0m 298.947 ms - 163[0m
